2026-07-14 16:54:00 [scheduling-1] INFO  o.e.scheduler.UserCountScheduler - Scheduled job [0 * * * * *] - counting users...
2026-07-14 16:54:00 [scheduling-1] INFO  o.e.scheduler.UserCountScheduler - Scheduled job [0 * * * * *] - current user count: 10
2026-07-14 16:55:00 [scheduling-1] INFO  o.e.scheduler.UserCountScheduler - Scheduled job [0 * * * * *] - counting users...
2026-07-14 16:55:00 [scheduling-1] INFO  o.e.scheduler.UserCountScheduler - Scheduled job [0 * * * * *] - current user count: 10
2026-07-14 16:56:00 [scheduling-1] INFO  o.e.scheduler.UserCountScheduler - Scheduled job [0 * * * * *] - counting users...
2026-07-14 16:56:00 [scheduling-1] INFO  o.e.scheduler.UserCountScheduler - Scheduled job [0 * * * * *] - current user count: 10
2026-07-14 16:56:21 [http-nio-8080-exec-9] INFO  o.example.controller.UserController - Login attempt for username=shop11
2026-07-14 16:56:21 [http-nio-8080-exec-9] INFO  o.example.controller.UserController - Login successful for username=shop11
2026-07-14 16:56:21 [http-nio-8080-exec-3] INFO  o.example.controller.StaffController - Reading all staff
2026-07-14 16:56:21 [http-nio-8080-exec-8] INFO  o.e.controller.ServiceController - Reading services for owner userId: 5
2026-07-14 16:56:21 [http-nio-8080-exec-3] INFO  o.example.controller.StaffController - Total staff returned: 2
2026-07-14 16:56:21 [http-nio-8080-exec-8] INFO  o.e.controller.ServiceController - Total services for owner 5: 3
2026-07-14 16:56:21 [http-nio-8080-exec-7] INFO  o.example.controller.StaffController - Reading all staff
2026-07-14 16:56:21 [http-nio-8080-exec-10] INFO  o.e.controller.ServiceController - Reading services for owner userId: 5
2026-07-14 16:56:21 [http-nio-8080-exec-10] INFO  o.e.controller.ServiceController - Total services for owner 5: 3
2026-07-14 16:56:21 [http-nio-8080-exec-7] INFO  o.example.controller.StaffController - Total staff returned: 2
2026-07-14 16:57:00 [scheduling-1] INFO  o.e.scheduler.UserCountScheduler - Scheduled job [0 * * * * *] - counting users...
2026-07-14 16:57:00 [scheduling-1] INFO  o.e.scheduler.UserCountScheduler - Scheduled job [0 * * * * *] - current user count: 10
2026-07-14 16:57:03 [http-nio-8080-exec-9] INFO  o.example.controller.StaffController - Creating staff with user: firstName='test', lastName='khan', position='ESTHETICIAN', username='test121212', by userId=5
2026-07-14 16:57:03 [http-nio-8080-exec-9] INFO  org.example.service.StaffService - Created user for staff: id=11, username='test121212', role=STAFF
2026-07-14 16:57:03 [http-nio-8080-exec-9] INFO  org.example.service.StaffService - Created staff: id=8, name='test khan', position='ESTHETICIAN', status=ACTIVE, user=11, createdBy=5
2026-07-14 16:57:03 [http-nio-8080-exec-9] INFO  o.example.controller.StaffController - Staff created with id: 8, userId: 11
2026-07-14 16:57:21 [http-nio-8080-exec-1] INFO  o.example.controller.StaffController - Reading all staff
2026-07-14 16:57:21 [http-nio-8080-exec-9] INFO  o.e.controller.ServiceController - Reading services for owner userId: 5
2026-07-14 16:57:21 [http-nio-8080-exec-9] INFO  o.e.controller.ServiceController - Total services for owner 5: 3
2026-07-14 16:57:21 [http-nio-8080-exec-1] INFO  o.example.controller.StaffController - Total staff returned: 3
2026-07-14 16:57:21 [http-nio-8080-exec-4] INFO  o.e.controller.ServiceController - Reading services for owner userId: 5
2026-07-14 16:57:21 [http-nio-8080-exec-2] INFO  o.example.controller.StaffController - Reading all staff
2026-07-14 16:57:21 [http-nio-8080-exec-4] INFO  o.e.controller.ServiceController - Total services for owner 5: 3
2026-07-14 16:57:21 [http-nio-8080-exec-2] INFO  o.example.controller.StaffController - Total staff returned: 3
2026-07-14 16:57:33 [http-nio-8080-exec-5] INFO  o.example.controller.StaffController - Updating staff with id: 8, by userId=5
2026-07-14 16:57:33 [http-nio-8080-exec-5] INFO  org.example.service.StaffService - Updated staff: id=8, name='test khan', position='ESTHETICIAN', status=ACTIVE, updatedBy=5
2026-07-14 16:57:33 [http-nio-8080-exec-5] INFO  o.example.controller.StaffController - Staff updated for id: 8
2026-07-14 16:58:00 [scheduling-1] INFO  o.e.scheduler.UserCountScheduler - Scheduled job [0 * * * * *] - counting users...
2026-07-14 16:58:00 [scheduling-1] INFO  o.e.scheduler.UserCountScheduler - Scheduled job [0 * * * * *] - current user count: 11
2026-07-14 16:59:00 [scheduling-1] INFO  o.e.scheduler.UserCountScheduler - Scheduled job [0 * * * * *] - counting users...
2026-07-14 16:59:00 [scheduling-1] INFO  o.e.scheduler.UserCountScheduler - Scheduled job [0 * * * * *] - current user count: 11
2026-07-14 17:00:00 [scheduling-1] INFO  o.e.scheduler.UserCountScheduler - Scheduled job [0 * * * * *] - counting users...
2026-07-14 17:00:00 [scheduling-1] INFO  o.e.scheduler.UserCountScheduler - Scheduled job [0 * * * * *] - current user count: 11
2026-07-14 17:01:00 [scheduling-1] INFO  o.e.scheduler.UserCountScheduler - Scheduled job [0 * * * * *] - counting users...
2026-07-14 17:01:00 [scheduling-1] INFO  o.e.scheduler.UserCountScheduler - Scheduled job [0 * * * * *] - current user count: 11
2026-07-14 17:02:00 [scheduling-1] INFO  o.e.scheduler.UserCountScheduler - Scheduled job [0 * * * * *] - counting users...
2026-07-14 17:02:00 [scheduling-1] INFO  o.e.scheduler.UserCountScheduler - Scheduled job [0 * * * * *] - current user count: 11
2026-07-14 17:03:00 [scheduling-1] INFO  o.e.scheduler.UserCountScheduler - Scheduled job [0 * * * * *] - counting users...
2026-07-14 17:03:00 [scheduling-1] INFO  o.e.scheduler.UserCountScheduler - Scheduled job [0 * * * * *] - current user count: 11
2026-07-14 17:03:44 [http-nio-8080-exec-2] INFO  o.example.controller.UserController - Login attempt for username=shop11
2026-07-14 17:03:44 [http-nio-8080-exec-2] INFO  o.example.controller.UserController - Login successful for username=shop11
2026-07-14 17:04:00 [scheduling-1] INFO  o.e.scheduler.UserCountScheduler - Scheduled job [0 * * * * *] - counting users...
2026-07-14 17:04:00 [scheduling-1] INFO  o.e.scheduler.UserCountScheduler - Scheduled job [0 * * * * *] - current user count: 11
2026-07-14 17:04:00 [http-nio-8080-exec-4] INFO  o.example.controller.StaffController - Creating staff with user: firstName='test', lastName='khan', position='BARBER', username='test2323', by userId=5
2026-07-14 17:04:00 [http-nio-8080-exec-4] WARN  o.e.c.GlobalExceptionHandler - Bad request: A staff member with this email already exists
2026-07-14 17:04:14 [http-nio-8080-exec-5] INFO  o.example.controller.StaffController - Creating staff with user: firstName='test', lastName='khan', position='BARBER', username='test2323', by userId=5
2026-07-14 17:04:14 [http-nio-8080-exec-5] WARN  o.e.c.GlobalExceptionHandler - Bad request: Username is already taken
2026-07-14 17:04:28 [http-nio-8080-exec-8] INFO  o.example.controller.StaffController - Creating staff with user: firstName='test', lastName='khan', position='BARBER', username='test23234', by userId=5
2026-07-14 17:04:28 [http-nio-8080-exec-8] WARN  o.e.c.GlobalExceptionHandler - Bad request: Mobile number is already registered
2026-07-14 17:04:37 [http-nio-8080-exec-7] INFO  o.example.controller.StaffController - Creating staff with user: firstName='test', lastName='khan', position='BARBER', username='test23234', by userId=5
2026-07-14 17:04:37 [http-nio-8080-exec-7] INFO  org.example.service.StaffService - Created user for staff: id=12, username='test23234', role=STAFF
2026-07-14 17:04:37 [http-nio-8080-exec-7] INFO  org.example.service.StaffService - Created staff: id=9, name='test khan', position='BARBER', status=ACTIVE, user=12, createdBy=5
2026-07-14 17:04:37 [http-nio-8080-exec-7] INFO  o.example.controller.StaffController - Staff created with id: 9, userId: 12
2026-07-14 17:05:00 [scheduling-1] INFO  o.e.scheduler.UserCountScheduler - Scheduled job [0 * * * * *] - counting users...
2026-07-14 17:05:00 [scheduling-1] INFO  o.e.scheduler.UserCountScheduler - Scheduled job [0 * * * * *] - current user count: 12
2026-07-14 17:06:00 [scheduling-1] INFO  o.e.scheduler.UserCountScheduler - Scheduled job [0 * * * * *] - counting users...
2026-07-14 17:06:00 [scheduling-1] INFO  o.e.scheduler.UserCountScheduler - Scheduled job [0 * * * * *] - current user count: 12
2026-07-14 17:07:00 [scheduling-1] INFO  o.e.scheduler.UserCountScheduler - Scheduled job [0 * * * * *] - counting users...
2026-07-14 17:07:00 [scheduling-1] INFO  o.e.scheduler.UserCountScheduler - Scheduled job [0 * * * * *] - current user count: 12
2026-07-14 17:08:00 [scheduling-1] INFO  o.e.scheduler.UserCountScheduler - Scheduled job [0 * * * * *] - counting users...
2026-07-14 17:08:00 [scheduling-1] INFO  o.e.scheduler.UserCountScheduler - Scheduled job [0 * * * * *] - current user count: 12
2026-07-14 17:09:00 [scheduling-1] INFO  o.e.scheduler.UserCountScheduler - Scheduled job [0 * * * * *] - counting users...
2026-07-14 17:09:00 [scheduling-1] INFO  o.e.scheduler.UserCountScheduler - Scheduled job [0 * * * * *] - current user count: 12
2026-07-14 17:10:00 [scheduling-1] INFO  o.e.scheduler.UserCountScheduler - Scheduled job [0 * * * * *] - counting users...
2026-07-14 17:10:00 [scheduling-1] INFO  o.e.scheduler.UserCountScheduler - Scheduled job [0 * * * * *] - current user count: 12
2026-07-14 17:11:00 [scheduling-1] INFO  o.e.scheduler.UserCountScheduler - Scheduled job [0 * * * * *] - counting users...
2026-07-14 17:11:00 [scheduling-1] INFO  o.e.scheduler.UserCountScheduler - Scheduled job [0 * * * * *] - current user count: 12
2026-07-14 17:11:14 [main] INFO  org.example.Main - Starting Main v1.0-SNAPSHOT using Java 17.0.19 with PID 165048 (/mnt/projects/java-user-auth-service/target/java-user-auth-service-1.0-SNAPSHOT.jar started by mohd in /mnt/projects/java-user-auth-service)
2026-07-14 17:11:14 [main] INFO  org.example.Main - No active profile set, falling back to 1 default profile: "default"
2026-07-14 17:11:17 [main] INFO  org.example.Main - Started Main in 2.984 seconds (process running for 3.344)
2026-07-14 17:11:17 [main] INFO  org.example.config.DataSeeder - Services already seeded, skipping data initialization
2026-07-14 17:11:18 [http-nio-8080-exec-2] INFO  o.example.controller.StaffController - Creating staff with user: firstName='test', lastName='khan', position='BARBER', username='test23234', by userId=5
2026-07-14 17:11:18 [http-nio-8080-exec-2] WARN  o.e.c.GlobalExceptionHandler - Bad request: A staff member with this email already exists
2026-07-14 17:11:29 [http-nio-8080-exec-4] INFO  o.example.controller.StaffController - Creating staff with user: firstName='test', lastName='khan', position='BARBER', username='test23234', by userId=5
2026-07-14 17:11:29 [http-nio-8080-exec-4] WARN  o.e.c.GlobalExceptionHandler - Bad request: A staff member with this email already exists
2026-07-14 17:11:36 [http-nio-8080-exec-6] INFO  o.example.controller.StaffController - Creating staff with user: firstName='test', lastName='khan', position='BARBER', username='test232345', by userId=5
2026-07-14 17:11:36 [http-nio-8080-exec-6] WARN  o.e.c.GlobalExceptionHandler - Bad request: A staff member with this email already exists
2026-07-14 17:11:49 [http-nio-8080-exec-8] INFO  o.example.controller.StaffController - Creating staff with user: firstName='test', lastName='khan', position='BARBER', username='test232345', by userId=5
2026-07-14 17:11:49 [http-nio-8080-exec-8] WARN  o.e.c.GlobalExceptionHandler - Bad request: Mobile number is already registered
2026-07-14 17:11:59 [http-nio-8080-exec-10] INFO  o.example.controller.StaffController - Creating staff with user: firstName='test', lastName='khan', position='BARBER', username='test232345', by userId=5
2026-07-14 17:12:00 [scheduling-1] INFO  o.e.scheduler.UserCountScheduler - Scheduled job [0 * * * * *] - counting users...
2026-07-14 17:12:00 [scheduling-1] INFO  o.e.scheduler.UserCountScheduler - Scheduled job [0 * * * * *] - current user count: 12
2026-07-14 17:12:00 [http-nio-8080-exec-10] INFO  org.example.service.StaffService - Created user for staff: id=13, username='test232345', role=STAFF
2026-07-14 17:12:00 [http-nio-8080-exec-10] INFO  org.example.service.StaffService - Created staff: id=10, name='test khan', position='BARBER', status=ACTIVE, user=13, createdBy=5
2026-07-14 17:12:00 [http-nio-8080-exec-10] INFO  o.example.controller.StaffController - Staff created with id: 10, userId: 13
2026-07-14 17:12:15 [http-nio-8080-exec-9] INFO  o.e.controller.ServiceController - Reading services for owner userId: 5
2026-07-14 17:12:15 [http-nio-8080-exec-10] INFO  o.example.controller.StaffController - Reading all staff
2026-07-14 17:12:15 [http-nio-8080-exec-9] INFO  o.e.controller.ServiceController - Total services for owner 5: 3
2026-07-14 17:12:15 [http-nio-8080-exec-10] INFO  o.example.controller.StaffController - Total staff returned: 5
2026-07-14 17:12:15 [http-nio-8080-exec-2] INFO  o.example.controller.StaffController - Reading all staff
2026-07-14 17:12:15 [http-nio-8080-exec-2] INFO  o.example.controller.StaffController - Total staff returned: 5
2026-07-14 17:12:15 [http-nio-8080-exec-1] INFO  o.e.controller.ServiceController - Reading services for owner userId: 5
2026-07-14 17:12:15 [http-nio-8080-exec-1] INFO  o.e.controller.ServiceController - Total services for owner 5: 3
2026-07-14 17:12:38 [http-nio-8080-exec-4] INFO  o.example.controller.StaffController - Updating staff with id: 8, by userId=5
2026-07-14 17:12:38 [http-nio-8080-exec-4] INFO  org.example.service.StaffService - Updated staff: id=8, name='test khan', position='ESTHETICIAN', status=ACTIVE, updatedBy=5
2026-07-14 17:12:38 [http-nio-8080-exec-4] INFO  o.example.controller.StaffController - Staff updated for id: 8
2026-07-14 17:13:00 [scheduling-1] INFO  o.e.scheduler.UserCountScheduler - Scheduled job [0 * * * * *] - counting users...
2026-07-14 17:13:00 [scheduling-1] INFO  o.e.scheduler.UserCountScheduler - Scheduled job [0 * * * * *] - current user count: 13
2026-07-14 17:14:00 [scheduling-1] INFO  o.e.scheduler.UserCountScheduler - Scheduled job [0 * * * * *] - counting users...
2026-07-14 17:14:00 [scheduling-1] INFO  o.e.scheduler.UserCountScheduler - Scheduled job [0 * * * * *] - current user count: 13
2026-07-14 17:15:00 [scheduling-1] INFO  o.e.scheduler.UserCountScheduler - Scheduled job [0 * * * * *] - counting users...
2026-07-14 17:15:00 [scheduling-1] INFO  o.e.scheduler.UserCountScheduler - Scheduled job [0 * * * * *] - current user count: 13
2026-07-14 17:16:00 [scheduling-1] INFO  o.e.scheduler.UserCountScheduler - Scheduled job [0 * * * * *] - counting users...
2026-07-14 17:16:00 [scheduling-1] INFO  o.e.scheduler.UserCountScheduler - Scheduled job [0 * * * * *] - current user count: 13
2026-07-14 17:16:33 [http-nio-8080-exec-8] INFO  o.e.controller.ServiceController - Reading services for owner userId: 5
2026-07-14 17:16:33 [http-nio-8080-exec-10] INFO  o.example.controller.StaffController - Reading all staff
2026-07-14 17:16:33 [http-nio-8080-exec-8] INFO  o.e.controller.ServiceController - Total services for owner 5: 3
2026-07-14 17:16:33 [http-nio-8080-exec-10] INFO  o.example.controller.StaffController - Total staff returned: 5
2026-07-14 17:16:33 [http-nio-8080-exec-9] INFO  o.e.controller.ServiceController - Reading services for owner userId: 5
2026-07-14 17:16:33 [http-nio-8080-exec-9] INFO  o.e.controller.ServiceController - Total services for owner 5: 3
2026-07-14 17:16:33 [http-nio-8080-exec-2] INFO  o.example.controller.StaffController - Reading all staff
2026-07-14 17:16:33 [http-nio-8080-exec-2] INFO  o.example.controller.StaffController - Total staff returned: 5
2026-07-14 17:16:39 [http-nio-8080-exec-3] INFO  o.example.controller.StaffController - Deleting staff with id: 10
2026-07-14 17:16:39 [http-nio-8080-exec-3] INFO  org.example.service.StaffService - Deleted staff: id=10
2026-07-14 17:16:43 [http-nio-8080-exec-5] INFO  o.example.controller.StaffController - Deleting staff with id: 9
2026-07-14 17:16:43 [http-nio-8080-exec-5] INFO  org.example.service.StaffService - Deleted staff: id=9
2026-07-14 17:16:45 [http-nio-8080-exec-7] INFO  o.example.controller.StaffController - Deleting staff with id: 7
2026-07-14 17:16:46 [http-nio-8080-exec-7] INFO  org.example.service.StaffService - Deleted staff: id=7
2026-07-14 17:16:48 [http-nio-8080-exec-10] INFO  o.example.controller.StaffController - Deleting staff with id: 8
2026-07-14 17:16:48 [http-nio-8080-exec-10] INFO  org.example.service.StaffService - Deleted staff: id=8
2026-07-14 17:16:50 [http-nio-8080-exec-2] INFO  o.example.controller.StaffController - Deleting staff with id: 6
2026-07-14 17:16:50 [http-nio-8080-exec-2] INFO  org.example.service.StaffService - Deleted staff: id=6
2026-07-14 17:17:00 [scheduling-1] INFO  o.e.scheduler.UserCountScheduler - Scheduled job [0 * * * * *] - counting users...
2026-07-14 17:17:00 [scheduling-1] INFO  o.e.scheduler.UserCountScheduler - Scheduled job [0 * * * * *] - current user count: 13
2026-07-14 17:18:00 [scheduling-1] INFO  o.e.scheduler.UserCountScheduler - Scheduled job [0 * * * * *] - counting users...
2026-07-14 17:18:00 [scheduling-1] INFO  o.e.scheduler.UserCountScheduler - Scheduled job [0 * * * * *] - current user count: 13
2026-07-14 17:19:00 [scheduling-1] INFO  o.e.scheduler.UserCountScheduler - Scheduled job [0 * * * * *] - counting users...
2026-07-14 17:19:00 [scheduling-1] INFO  o.e.scheduler.UserCountScheduler - Scheduled job [0 * * * * *] - current user count: 13
2026-07-14 17:20:00 [scheduling-1] INFO  o.e.scheduler.UserCountScheduler - Scheduled job [0 * * * * *] - counting users...
2026-07-14 17:20:00 [scheduling-1] INFO  o.e.scheduler.UserCountScheduler - Scheduled job [0 * * * * *] - current user count: 13
2026-07-14 17:21:00 [scheduling-1] INFO  o.e.scheduler.UserCountScheduler - Scheduled job [0 * * * * *] - counting users...
2026-07-14 17:21:00 [scheduling-1] INFO  o.e.scheduler.UserCountScheduler - Scheduled job [0 * * * * *] - current user count: 13
2026-07-14 17:22:00 [scheduling-1] INFO  o.e.scheduler.UserCountScheduler - Scheduled job [0 * * * * *] - counting users...
2026-07-14 17:22:00 [scheduling-1] INFO  o.e.scheduler.UserCountScheduler - Scheduled job [0 * * * * *] - current user count: 13
2026-07-14 17:23:00 [scheduling-1] INFO  o.e.scheduler.UserCountScheduler - Scheduled job [0 * * * * *] - counting users...
2026-07-14 17:23:00 [scheduling-1] INFO  o.e.scheduler.UserCountScheduler - Scheduled job [0 * * * * *] - current user count: 13
2026-07-14 17:24:00 [scheduling-1] INFO  o.e.scheduler.UserCountScheduler - Scheduled job [0 * * * * *] - counting users...
2026-07-14 17:24:00 [scheduling-1] INFO  o.e.scheduler.UserCountScheduler - Scheduled job [0 * * * * *] - current user count: 13
2026-07-14 17:24:17 [http-nio-8080-exec-2] INFO  o.example.controller.StaffController - Creating staff with user: firstName='testkhan123', lastName='khan', position='MASSAGE_THERAPIST', username='testkhan2344', by userId=5
2026-07-14 17:24:17 [http-nio-8080-exec-2] INFO  org.example.service.StaffService - Created user for staff: id=14, username='testkhan2344', role=STAFF
2026-07-14 17:24:17 [http-nio-8080-exec-2] INFO  org.example.service.StaffService - Created staff: id=11, name='testkhan123 khan', position='MASSAGE_THERAPIST', status=ACTIVE, user=14, createdBy=5
2026-07-14 17:24:17 [http-nio-8080-exec-2] INFO  o.example.controller.StaffController - Staff created with id: 11, userId: 14
2026-07-14 17:24:35 [http-nio-8080-exec-10] INFO  o.example.controller.StaffController - Reading all staff
2026-07-14 17:24:35 [http-nio-8080-exec-2] INFO  o.e.controller.ServiceController - Reading services for owner userId: 5
2026-07-14 17:24:35 [http-nio-8080-exec-10] INFO  o.example.controller.StaffController - Total staff returned: 1
2026-07-14 17:24:35 [http-nio-8080-exec-2] INFO  o.e.controller.ServiceController - Total services for owner 5: 3
2026-07-14 17:24:35 [http-nio-8080-exec-1] INFO  o.e.controller.ServiceController - Reading services for owner userId: 5
2026-07-14 17:24:35 [http-nio-8080-exec-3] INFO  o.example.controller.StaffController - Reading all staff
2026-07-14 17:24:35 [http-nio-8080-exec-3] INFO  o.example.controller.StaffController - Total staff returned: 1
2026-07-14 17:24:35 [http-nio-8080-exec-1] INFO  o.e.controller.ServiceController - Total services for owner 5: 3
2026-07-14 17:24:50 [http-nio-8080-exec-5] INFO  o.example.controller.StaffController - Updating staff with id: 11, by userId=5
2026-07-14 17:24:50 [http-nio-8080-exec-5] INFO  org.example.service.StaffService - Updated staff: id=11, name='testkhan123 khanwewewe', position='MASSAGE_THERAPIST', status=ACTIVE, updatedBy=5
2026-07-14 17:24:50 [http-nio-8080-exec-5] INFO  o.example.controller.StaffController - Staff updated for id: 11
2026-07-14 17:25:00 [scheduling-1] INFO  o.e.scheduler.UserCountScheduler - Scheduled job [0 * * * * *] - counting users...
2026-07-14 17:25:00 [scheduling-1] INFO  o.e.scheduler.UserCountScheduler - Scheduled job [0 * * * * *] - current user count: 14
2026-07-14 17:25:02 [http-nio-8080-exec-7] INFO  o.example.controller.StaffController - Updating staff with id: 11, by userId=5
2026-07-14 17:25:02 [http-nio-8080-exec-7] INFO  org.example.service.StaffService - Updated staff: id=11, name='testkhan123 khanwewewe', position='MASSAGE_THERAPIST', status=ACTIVE, updatedBy=5
2026-07-14 17:25:02 [http-nio-8080-exec-7] INFO  o.example.controller.StaffController - Staff updated for id: 11
2026-07-14 17:25:10 [http-nio-8080-exec-7] INFO  o.e.controller.ServiceController - Reading services for owner userId: 5
2026-07-14 17:25:10 [http-nio-8080-exec-6] INFO  o.example.controller.StaffController - Reading all staff
2026-07-14 17:25:10 [http-nio-8080-exec-7] INFO  o.e.controller.ServiceController - Total services for owner 5: 3
2026-07-14 17:25:10 [http-nio-8080-exec-6] INFO  o.example.controller.StaffController - Total staff returned: 1
2026-07-14 17:25:10 [http-nio-8080-exec-8] INFO  o.example.controller.StaffController - Reading all staff
2026-07-14 17:25:10 [http-nio-8080-exec-9] INFO  o.e.controller.ServiceController - Reading services for owner userId: 5
2026-07-14 17:25:10 [http-nio-8080-exec-9] INFO  o.e.controller.ServiceController - Total services for owner 5: 3
2026-07-14 17:25:10 [http-nio-8080-exec-8] INFO  o.example.controller.StaffController - Total staff returned: 1
2026-07-14 17:26:00 [main] INFO  org.example.Main - Starting Main v1.0-SNAPSHOT using Java 17.0.19 with PID 190145 (/mnt/projects/java-user-auth-service/target/java-user-auth-service-1.0-SNAPSHOT.jar started by mohd in /mnt/projects/java-user-auth-service)
2026-07-14 17:26:00 [main] INFO  org.example.Main - No active profile set, falling back to 1 default profile: "default"
2026-07-14 17:26:03 [main] INFO  org.example.Main - Started Main in 2.965 seconds (process running for 3.25)
2026-07-14 17:26:03 [main] INFO  org.example.config.DataSeeder - Services already seeded, skipping data initialization
2026-07-14 17:26:08 [http-nio-8080-exec-10] INFO  o.e.controller.ServiceController - Reading services for owner userId: 5
2026-07-14 17:26:08 [http-nio-8080-exec-9] INFO  o.example.controller.StaffController - Reading all staff
2026-07-14 17:26:08 [http-nio-8080-exec-10] INFO  o.e.controller.ServiceController - Total services for owner 5: 3
2026-07-14 17:26:08 [http-nio-8080-exec-9] INFO  o.example.controller.StaffController - Total staff returned: 1
2026-07-14 17:26:08 [http-nio-8080-exec-2] INFO  o.example.controller.StaffController - Reading all staff
2026-07-14 17:26:08 [http-nio-8080-exec-2] INFO  o.example.controller.StaffController - Total staff returned: 1
2026-07-14 17:26:08 [http-nio-8080-exec-1] INFO  o.e.controller.ServiceController - Reading services for owner userId: 5
2026-07-14 17:26:08 [http-nio-8080-exec-1] INFO  o.e.controller.ServiceController - Total services for owner 5: 3
2026-07-14 17:26:34 [http-nio-8080-exec-4] INFO  o.example.controller.StaffController - Updating staff with id: 11, by userId=5
2026-07-14 17:26:34 [http-nio-8080-exec-4] INFO  org.example.service.StaffService - Updated staff: id=11, name='testkhan123 khanwewewe', position='MASSAGE_THERAPIST', status=ACTIVE, updatedBy=5
2026-07-14 17:26:34 [http-nio-8080-exec-4] INFO  o.example.controller.StaffController - Staff updated for id: 11
2026-07-14 17:27:00 [scheduling-1] INFO  o.e.scheduler.UserCountScheduler - Scheduled job [0 * * * * *] - counting users...
2026-07-14 17:27:00 [scheduling-1] INFO  o.e.scheduler.UserCountScheduler - Scheduled job [0 * * * * *] - current user count: 14
